# Logfile created on 2016-01-04 11:08:49 +0100 by logger.rb/47272
D, [2016-01-04T11:08:49.315026 #10955] DEBUG -- : DRAGONFLY: shell command: 'identify' '-ping' '-format' '%m %w %h' '/Users/sebastiennicolaidis/ruby/gemgem/test/images/cell.jpg'
D, [2016-01-04T11:08:49.358817 #10955] DEBUG -- : DRAGONFLY: shell command: 'convert' '/Users/sebastiennicolaidis/ruby/gemgem/test/images/cell.jpg' '-resize' '120x120^^' '-gravity' 'Center' '-crop' '120x120+0+0' '+repage' '/var/folders/dr/0yjch_bx0kjdlvx7fhnrzn700000gn/T/dragonfly20160104-10955-64cf2e.jpg'
D, [2016-01-04T11:08:49.397416 #10955] DEBUG -- : DRAGONFLY: shell command: 'identify' '-ping' '-format' '%m %w %h' '/var/folders/dr/0yjch_bx0kjdlvx7fhnrzn700000gn/T/dragonfly20160104-10955-64cf2e.jpg'
D, [2016-01-04T11:08:50.515367 #10955] DEBUG -- : DRAGONFLY: shell command: 'identify' '-ping' '-format' '%m %w %h' '/Users/sebastiennicolaidis/ruby/gemgem/test/images/cell.jpg'
D, [2016-01-04T11:08:50.530342 #10955] DEBUG -- : DRAGONFLY: shell command: 'convert' '/Users/sebastiennicolaidis/ruby/gemgem/test/images/cell.jpg' '-resize' '120x120^^' '-gravity' 'Center' '-crop' '120x120+0+0' '+repage' '/var/folders/dr/0yjch_bx0kjdlvx7fhnrzn700000gn/T/dragonfly20160104-10955-1e2hw2x.jpg'
D, [2016-01-04T11:08:50.562353 #10955] DEBUG -- : DRAGONFLY: shell command: 'identify' '-ping' '-format' '%m %w %h' '/var/folders/dr/0yjch_bx0kjdlvx7fhnrzn700000gn/T/dragonfly20160104-10955-1e2hw2x.jpg'
D, [2016-01-04T11:08:51.240450 #10953] DEBUG -- : DRAGONFLY: shell command: 'identify' '-ping' '-format' '%m %w %h' '/Users/sebastiennicolaidis/ruby/gemgem/test/images/cell.jpg'
D, [2016-01-04T11:08:51.253538 #10953] DEBUG -- : DRAGONFLY: shell command: 'convert' '/Users/sebastiennicolaidis/ruby/gemgem/test/images/cell.jpg' '-resize' '120x120^^' '-gravity' 'Center' '-crop' '120x120+0+0' '+repage' '/var/folders/dr/0yjch_bx0kjdlvx7fhnrzn700000gn/T/dragonfly20160104-10953-1jc7g8s.jpg'
D, [2016-01-04T11:08:51.302056 #10953] DEBUG -- : DRAGONFLY: shell command: 'identify' '-ping' '-format' '%m %w %h' '/var/folders/dr/0yjch_bx0kjdlvx7fhnrzn700000gn/T/dragonfly20160104-10953-1jc7g8s.jpg'
D, [2016-01-04T11:08:53.621733 #10953] DEBUG -- : DRAGONFLY: shell command: 'identify' '-ping' '-format' '%m %w %h' '/Users/sebastiennicolaidis/ruby/gemgem/test/images/cell.jpg'
D, [2016-01-04T11:08:53.639787 #10953] DEBUG -- : DRAGONFLY: shell command: 'convert' '/Users/sebastiennicolaidis/ruby/gemgem/test/images/cell.jpg' '-resize' '120x120^^' '-gravity' 'Center' '-crop' '120x120+0+0' '+repage' '/var/folders/dr/0yjch_bx0kjdlvx7fhnrzn700000gn/T/dragonfly20160104-10953-imycxr.jpg'
D, [2016-01-04T11:08:53.675756 #10953] DEBUG -- : DRAGONFLY: shell command: 'identify' '-ping' '-format' '%m %w %h' '/var/folders/dr/0yjch_bx0kjdlvx7fhnrzn700000gn/T/dragonfly20160104-10953-imycxr.jpg'
D, [2016-01-04T13:53:19.269775 #12185] DEBUG -- : DRAGONFLY: shell command: 'identify' '-ping' '-format' '%m %w %h' '/Users/sebastiennicolaidis/ruby/gemgem/test/images/cell.jpg'
D, [2016-01-04T13:53:19.319248 #12185] DEBUG -- : DRAGONFLY: shell command: 'convert' '/Users/sebastiennicolaidis/ruby/gemgem/test/images/cell.jpg' '-resize' '120x120^^' '-gravity' 'Center' '-crop' '120x120+0+0' '+repage' '/var/folders/dr/0yjch_bx0kjdlvx7fhnrzn700000gn/T/dragonfly20160104-12185-nlls8o.jpg'
D, [2016-01-04T13:53:19.363189 #12185] DEBUG -- : DRAGONFLY: shell command: 'identify' '-ping' '-format' '%m %w %h' '/var/folders/dr/0yjch_bx0kjdlvx7fhnrzn700000gn/T/dragonfly20160104-12185-nlls8o.jpg'
D, [2016-01-04T13:53:19.425185 #12185] DEBUG -- : DRAGONFLY: shell command: 'identify' '-ping' '-format' '%m %w %h' '/Users/sebastiennicolaidis/ruby/gemgem/test/images/cell.jpg'
D, [2016-01-04T13:53:19.443228 #12185] DEBUG -- : DRAGONFLY: shell command: 'convert' '/Users/sebastiennicolaidis/ruby/gemgem/test/images/cell.jpg' '-resize' '120x120^^' '-gravity' 'Center' '-crop' '120x120+0+0' '+repage' '/var/folders/dr/0yjch_bx0kjdlvx7fhnrzn700000gn/T/dragonfly20160104-12185-m2umht.jpg'
D, [2016-01-04T13:53:19.475245 #12185] DEBUG -- : DRAGONFLY: shell command: 'identify' '-ping' '-format' '%m %w %h' '/var/folders/dr/0yjch_bx0kjdlvx7fhnrzn700000gn/T/dragonfly20160104-12185-m2umht.jpg'
D, [2016-01-04T13:54:03.372796 #12237] DEBUG -- : DRAGONFLY: shell command: 'identify' '-ping' '-format' '%m %w %h' '/Users/sebastiennicolaidis/ruby/gemgem/test/images/cell.jpg'
D, [2016-01-04T13:54:03.392815 #12237] DEBUG -- : DRAGONFLY: shell command: 'convert' '/Users/sebastiennicolaidis/ruby/gemgem/test/images/cell.jpg' '-resize' '120x120^^' '-gravity' 'Center' '-crop' '120x120+0+0' '+repage' '/var/folders/dr/0yjch_bx0kjdlvx7fhnrzn700000gn/T/dragonfly20160104-12237-77xvkj.jpg'
D, [2016-01-04T13:54:03.426068 #12237] DEBUG -- : DRAGONFLY: shell command: 'identify' '-ping' '-format' '%m %w %h' '/var/folders/dr/0yjch_bx0kjdlvx7fhnrzn700000gn/T/dragonfly20160104-12237-77xvkj.jpg'
D, [2016-01-04T13:54:05.192043 #12237] DEBUG -- : DRAGONFLY: shell command: 'identify' '-ping' '-format' '%m %w %h' '/Users/sebastiennicolaidis/ruby/gemgem/test/images/cell.jpg'
D, [2016-01-04T13:54:05.204042 #12237] DEBUG -- : DRAGONFLY: shell command: 'convert' '/Users/sebastiennicolaidis/ruby/gemgem/test/images/cell.jpg' '-resize' '120x120^^' '-gravity' 'Center' '-crop' '120x120+0+0' '+repage' '/var/folders/dr/0yjch_bx0kjdlvx7fhnrzn700000gn/T/dragonfly20160104-12237-x36kxe.jpg'
D, [2016-01-04T13:54:05.234230 #12237] DEBUG -- : DRAGONFLY: shell command: 'identify' '-ping' '-format' '%m %w %h' '/var/folders/dr/0yjch_bx0kjdlvx7fhnrzn700000gn/T/dragonfly20160104-12237-x36kxe.jpg'
D, [2016-01-04T13:54:52.623371 #12277] DEBUG -- : DRAGONFLY: shell command: 'identify' '-ping' '-format' '%m %w %h' '/Users/sebastiennicolaidis/ruby/gemgem/test/images/cell.jpg'
D, [2016-01-04T13:54:52.642924 #12277] DEBUG -- : DRAGONFLY: shell command: 'convert' '/Users/sebastiennicolaidis/ruby/gemgem/test/images/cell.jpg' '-resize' '120x120^^' '-gravity' 'Center' '-crop' '120x120+0+0' '+repage' '/var/folders/dr/0yjch_bx0kjdlvx7fhnrzn700000gn/T/dragonfly20160104-12277-1jef8x4.jpg'
D, [2016-01-04T13:54:52.677985 #12277] DEBUG -- : DRAGONFLY: shell command: 'identify' '-ping' '-format' '%m %w %h' '/var/folders/dr/0yjch_bx0kjdlvx7fhnrzn700000gn/T/dragonfly20160104-12277-1jef8x4.jpg'
D, [2016-01-04T13:54:54.769024 #12277] DEBUG -- : DRAGONFLY: shell command: 'identify' '-ping' '-format' '%m %w %h' '/Users/sebastiennicolaidis/ruby/gemgem/test/images/cell.jpg'
D, [2016-01-04T13:54:54.783165 #12277] DEBUG -- : DRAGONFLY: shell command: 'convert' '/Users/sebastiennicolaidis/ruby/gemgem/test/images/cell.jpg' '-resize' '120x120^^' '-gravity' 'Center' '-crop' '120x120+0+0' '+repage' '/var/folders/dr/0yjch_bx0kjdlvx7fhnrzn700000gn/T/dragonfly20160104-12277-1p3ab6m.jpg'
D, [2016-01-04T13:54:54.816629 #12277] DEBUG -- : DRAGONFLY: shell command: 'identify' '-ping' '-format' '%m %w %h' '/var/folders/dr/0yjch_bx0kjdlvx7fhnrzn700000gn/T/dragonfly20160104-12277-1p3ab6m.jpg'
D, [2016-01-04T13:55:57.673352 #12321] DEBUG -- : DRAGONFLY: shell command: 'identify' '-ping' '-format' '%m %w %h' '/Users/sebastiennicolaidis/ruby/gemgem/test/images/cell.jpg'
D, [2016-01-04T13:55:57.686370 #12321] DEBUG -- : DRAGONFLY: shell command: 'convert' '/Users/sebastiennicolaidis/ruby/gemgem/test/images/cell.jpg' '-resize' '120x120^^' '-gravity' 'Center' '-crop' '120x120+0+0' '+repage' '/var/folders/dr/0yjch_bx0kjdlvx7fhnrzn700000gn/T/dragonfly20160104-12321-1d6q1dr.jpg'
D, [2016-01-04T13:55:57.728045 #12321] DEBUG -- : DRAGONFLY: shell command: 'identify' '-ping' '-format' '%m %w %h' '/var/folders/dr/0yjch_bx0kjdlvx7fhnrzn700000gn/T/dragonfly20160104-12321-1d6q1dr.jpg'
D, [2016-01-04T13:55:59.831315 #12321] DEBUG -- : DRAGONFLY: shell command: 'identify' '-ping' '-format' '%m %w %h' '/Users/sebastiennicolaidis/ruby/gemgem/test/images/cell.jpg'
D, [2016-01-04T13:55:59.841707 #12321] DEBUG -- : DRAGONFLY: shell command: 'convert' '/Users/sebastiennicolaidis/ruby/gemgem/test/images/cell.jpg' '-resize' '120x120^^' '-gravity' 'Center' '-crop' '120x120+0+0' '+repage' '/var/folders/dr/0yjch_bx0kjdlvx7fhnrzn700000gn/T/dragonfly20160104-12321-wqjlhr.jpg'
D, [2016-01-04T13:55:59.883627 #12321] DEBUG -- : DRAGONFLY: shell command: 'identify' '-ping' '-format' '%m %w %h' '/var/folders/dr/0yjch_bx0kjdlvx7fhnrzn700000gn/T/dragonfly20160104-12321-wqjlhr.jpg'
D, [2016-01-04T13:57:21.273378 #12359] DEBUG -- : DRAGONFLY: shell command: 'identify' '-ping' '-format' '%m %w %h' '/Users/sebastiennicolaidis/ruby/gemgem/test/images/cell.jpg'
D, [2016-01-04T13:57:21.284910 #12359] DEBUG -- : DRAGONFLY: shell command: 'convert' '/Users/sebastiennicolaidis/ruby/gemgem/test/images/cell.jpg' '-resize' '120x120^^' '-gravity' 'Center' '-crop' '120x120+0+0' '+repage' '/var/folders/dr/0yjch_bx0kjdlvx7fhnrzn700000gn/T/dragonfly20160104-12359-1ly8msa.jpg'
D, [2016-01-04T13:57:21.326329 #12359] DEBUG -- : DRAGONFLY: shell command: 'identify' '-ping' '-format' '%m %w %h' '/var/folders/dr/0yjch_bx0kjdlvx7fhnrzn700000gn/T/dragonfly20160104-12359-1ly8msa.jpg'
D, [2016-01-04T13:57:22.995063 #12359] DEBUG -- : DRAGONFLY: shell command: 'identify' '-ping' '-format' '%m %w %h' '/Users/sebastiennicolaidis/ruby/gemgem/test/images/cell.jpg'
D, [2016-01-04T13:57:23.008057 #12359] DEBUG -- : DRAGONFLY: shell command: 'convert' '/Users/sebastiennicolaidis/ruby/gemgem/test/images/cell.jpg' '-resize' '120x120^^' '-gravity' 'Center' '-crop' '120x120+0+0' '+repage' '/var/folders/dr/0yjch_bx0kjdlvx7fhnrzn700000gn/T/dragonfly20160104-12359-110145e.jpg'
D, [2016-01-04T13:57:23.047916 #12359] DEBUG -- : DRAGONFLY: shell command: 'identify' '-ping' '-format' '%m %w %h' '/var/folders/dr/0yjch_bx0kjdlvx7fhnrzn700000gn/T/dragonfly20160104-12359-110145e.jpg'
D, [2016-01-04T14:01:25.772210 #12410] DEBUG -- : DRAGONFLY: shell command: 'identify' '-ping' '-format' '%m %w %h' '/Users/sebastiennicolaidis/ruby/gemgem/test/images/cell.jpg'
D, [2016-01-04T14:01:25.783048 #12410] DEBUG -- : DRAGONFLY: shell command: 'convert' '/Users/sebastiennicolaidis/ruby/gemgem/test/images/cell.jpg' '-resize' '120x120^^' '-gravity' 'Center' '-crop' '120x120+0+0' '+repage' '/var/folders/dr/0yjch_bx0kjdlvx7fhnrzn700000gn/T/dragonfly20160104-12410-qlw48u.jpg'
D, [2016-01-04T14:01:25.825008 #12410] DEBUG -- : DRAGONFLY: shell command: 'identify' '-ping' '-format' '%m %w %h' '/var/folders/dr/0yjch_bx0kjdlvx7fhnrzn700000gn/T/dragonfly20160104-12410-qlw48u.jpg'
D, [2016-01-04T14:01:25.969119 #12410] DEBUG -- : DRAGONFLY: shell command: 'identify' '-ping' '-format' '%m %w %h' '/Users/sebastiennicolaidis/ruby/gemgem/test/images/cell.jpg'
D, [2016-01-04T14:01:25.987288 #12410] DEBUG -- : DRAGONFLY: shell command: 'convert' '/Users/sebastiennicolaidis/ruby/gemgem/test/images/cell.jpg' '-resize' '120x120^^' '-gravity' 'Center' '-crop' '120x120+0+0' '+repage' '/var/folders/dr/0yjch_bx0kjdlvx7fhnrzn700000gn/T/dragonfly20160104-12410-wedmjj.jpg'
D, [2016-01-04T14:01:26.020774 #12410] DEBUG -- : DRAGONFLY: shell command: 'identify' '-ping' '-format' '%m %w %h' '/var/folders/dr/0yjch_bx0kjdlvx7fhnrzn700000gn/T/dragonfly20160104-12410-wedmjj.jpg'
D, [2016-01-04T14:01:28.564205 #12389] DEBUG -- : DRAGONFLY: shell command: 'identify' '-ping' '-format' '%m %w %h' '/Users/sebastiennicolaidis/ruby/gemgem/test/images/cell.jpg'
D, [2016-01-04T14:01:28.575282 #12389] DEBUG -- : DRAGONFLY: shell command: 'convert' '/Users/sebastiennicolaidis/ruby/gemgem/test/images/cell.jpg' '-resize' '120x120^^' '-gravity' 'Center' '-crop' '120x120+0+0' '+repage' '/var/folders/dr/0yjch_bx0kjdlvx7fhnrzn700000gn/T/dragonfly20160104-12389-bmzxiz.jpg'
D, [2016-01-04T14:01:28.605571 #12389] DEBUG -- : DRAGONFLY: shell command: 'identify' '-ping' '-format' '%m %w %h' '/var/folders/dr/0yjch_bx0kjdlvx7fhnrzn700000gn/T/dragonfly20160104-12389-bmzxiz.jpg'
D, [2016-01-04T14:01:30.355751 #12389] DEBUG -- : DRAGONFLY: shell command: 'identify' '-ping' '-format' '%m %w %h' '/Users/sebastiennicolaidis/ruby/gemgem/test/images/cell.jpg'
D, [2016-01-04T14:01:30.366397 #12389] DEBUG -- : DRAGONFLY: shell command: 'convert' '/Users/sebastiennicolaidis/ruby/gemgem/test/images/cell.jpg' '-resize' '120x120^^' '-gravity' 'Center' '-crop' '120x120+0+0' '+repage' '/var/folders/dr/0yjch_bx0kjdlvx7fhnrzn700000gn/T/dragonfly20160104-12389-2yl3ul.jpg'
D, [2016-01-04T14:01:30.397164 #12389] DEBUG -- : DRAGONFLY: shell command: 'identify' '-ping' '-format' '%m %w %h' '/var/folders/dr/0yjch_bx0kjdlvx7fhnrzn700000gn/T/dragonfly20160104-12389-2yl3ul.jpg'
D, [2016-01-04T16:26:20.688164 #2580] DEBUG -- : DRAGONFLY: shell command: 'identify' '-ping' '-format' '%m %w %h' '/Users/sebastiennicolaidis/ruby/gemgem/test/images/cell.jpg'
D, [2016-01-04T16:26:20.710817 #2580] DEBUG -- : DRAGONFLY: shell command: 'convert' '/Users/sebastiennicolaidis/ruby/gemgem/test/images/cell.jpg' '-resize' '120x120^^' '-gravity' 'Center' '-crop' '120x120+0+0' '+repage' '/var/folders/dr/0yjch_bx0kjdlvx7fhnrzn700000gn/T/dragonfly20160104-2580-19346y3.jpg'
D, [2016-01-04T16:26:20.757541 #2580] DEBUG -- : DRAGONFLY: shell command: 'identify' '-ping' '-format' '%m %w %h' '/var/folders/dr/0yjch_bx0kjdlvx7fhnrzn700000gn/T/dragonfly20160104-2580-19346y3.jpg'
D, [2016-01-04T16:26:22.074788 #2580] DEBUG -- : DRAGONFLY: shell command: 'identify' '-ping' '-format' '%m %w %h' '/Users/sebastiennicolaidis/ruby/gemgem/test/images/cell.jpg'
D, [2016-01-04T16:26:22.085338 #2580] DEBUG -- : DRAGONFLY: shell command: 'convert' '/Users/sebastiennicolaidis/ruby/gemgem/test/images/cell.jpg' '-resize' '120x120^^' '-gravity' 'Center' '-crop' '120x120+0+0' '+repage' '/var/folders/dr/0yjch_bx0kjdlvx7fhnrzn700000gn/T/dragonfly20160104-2580-dksw2n.jpg'
D, [2016-01-04T16:26:22.125313 #2580] DEBUG -- : DRAGONFLY: shell command: 'identify' '-ping' '-format' '%m %w %h' '/var/folders/dr/0yjch_bx0kjdlvx7fhnrzn700000gn/T/dragonfly20160104-2580-dksw2n.jpg'
D, [2016-01-04T16:26:24.949231 #2558] DEBUG -- : DRAGONFLY: shell command: 'identify' '-ping' '-format' '%m %w %h' '/Users/sebastiennicolaidis/ruby/gemgem/test/images/cell.jpg'
D, [2016-01-04T16:26:24.966395 #2558] DEBUG -- : DRAGONFLY: shell command: 'convert' '/Users/sebastiennicolaidis/ruby/gemgem/test/images/cell.jpg' '-resize' '120x120^^' '-gravity' 'Center' '-crop' '120x120+0+0' '+repage' '/var/folders/dr/0yjch_bx0kjdlvx7fhnrzn700000gn/T/dragonfly20160104-2558-1jfkym6.jpg'
D, [2016-01-04T16:26:25.000463 #2558] DEBUG -- : DRAGONFLY: shell command: 'identify' '-ping' '-format' '%m %w %h' '/var/folders/dr/0yjch_bx0kjdlvx7fhnrzn700000gn/T/dragonfly20160104-2558-1jfkym6.jpg'
D, [2016-01-04T16:26:26.394298 #2558] DEBUG -- : DRAGONFLY: shell command: 'identify' '-ping' '-format' '%m %w %h' '/Users/sebastiennicolaidis/ruby/gemgem/test/images/cell.jpg'
D, [2016-01-04T16:26:26.405356 #2558] DEBUG -- : DRAGONFLY: shell command: 'convert' '/Users/sebastiennicolaidis/ruby/gemgem/test/images/cell.jpg' '-resize' '120x120^^' '-gravity' 'Center' '-crop' '120x120+0+0' '+repage' '/var/folders/dr/0yjch_bx0kjdlvx7fhnrzn700000gn/T/dragonfly20160104-2558-8p1m3y.jpg'
D, [2016-01-04T16:26:26.445613 #2558] DEBUG -- : DRAGONFLY: shell command: 'identify' '-ping' '-format' '%m %w %h' '/var/folders/dr/0yjch_bx0kjdlvx7fhnrzn700000gn/T/dragonfly20160104-2558-8p1m3y.jpg'
D, [2016-01-04T16:31:13.686652 #2661] DEBUG -- : DRAGONFLY: shell command: 'identify' '-ping' '-format' '%m %w %h' '/Users/sebastiennicolaidis/ruby/gemgem/test/images/cell.jpg'
D, [2016-01-04T16:31:13.697451 #2661] DEBUG -- : DRAGONFLY: shell command: 'convert' '/Users/sebastiennicolaidis/ruby/gemgem/test/images/cell.jpg' '-resize' '120x120^^' '-gravity' 'Center' '-crop' '120x120+0+0' '+repage' '/var/folders/dr/0yjch_bx0kjdlvx7fhnrzn700000gn/T/dragonfly20160104-2661-4laa1n.jpg'
D, [2016-01-04T16:31:13.728312 #2661] DEBUG -- : DRAGONFLY: shell command: 'identify' '-ping' '-format' '%m %w %h' '/var/folders/dr/0yjch_bx0kjdlvx7fhnrzn700000gn/T/dragonfly20160104-2661-4laa1n.jpg'
D, [2016-01-04T16:31:14.528780 #2661] DEBUG -- : DRAGONFLY: shell command: 'identify' '-ping' '-format' '%m %w %h' '/Users/sebastiennicolaidis/ruby/gemgem/test/images/cell.jpg'
D, [2016-01-04T16:31:14.543726 #2661] DEBUG -- : DRAGONFLY: shell command: 'convert' '/Users/sebastiennicolaidis/ruby/gemgem/test/images/cell.jpg' '-resize' '120x120^^' '-gravity' 'Center' '-crop' '120x120+0+0' '+repage' '/var/folders/dr/0yjch_bx0kjdlvx7fhnrzn700000gn/T/dragonfly20160104-2661-1i9y6oo.jpg'
D, [2016-01-04T16:31:14.582761 #2661] DEBUG -- : DRAGONFLY: shell command: 'identify' '-ping' '-format' '%m %w %h' '/var/folders/dr/0yjch_bx0kjdlvx7fhnrzn700000gn/T/dragonfly20160104-2661-1i9y6oo.jpg'
D, [2016-01-04T16:31:16.317540 #2640] DEBUG -- : DRAGONFLY: shell command: 'identify' '-ping' '-format' '%m %w %h' '/Users/sebastiennicolaidis/ruby/gemgem/test/images/cell.jpg'
D, [2016-01-04T16:31:16.331051 #2640] DEBUG -- : DRAGONFLY: shell command: 'convert' '/Users/sebastiennicolaidis/ruby/gemgem/test/images/cell.jpg' '-resize' '120x120^^' '-gravity' 'Center' '-crop' '120x120+0+0' '+repage' '/var/folders/dr/0yjch_bx0kjdlvx7fhnrzn700000gn/T/dragonfly20160104-2640-3827tp.jpg'
D, [2016-01-04T16:31:16.371849 #2640] DEBUG -- : DRAGONFLY: shell command: 'identify' '-ping' '-format' '%m %w %h' '/var/folders/dr/0yjch_bx0kjdlvx7fhnrzn700000gn/T/dragonfly20160104-2640-3827tp.jpg'
D, [2016-01-04T16:31:18.005664 #2640] DEBUG -- : DRAGONFLY: shell command: 'identify' '-ping' '-format' '%m %w %h' '/Users/sebastiennicolaidis/ruby/gemgem/test/images/cell.jpg'
D, [2016-01-04T16:31:18.020398 #2640] DEBUG -- : DRAGONFLY: shell command: 'convert' '/Users/sebastiennicolaidis/ruby/gemgem/test/images/cell.jpg' '-resize' '120x120^^' '-gravity' 'Center' '-crop' '120x120+0+0' '+repage' '/var/folders/dr/0yjch_bx0kjdlvx7fhnrzn700000gn/T/dragonfly20160104-2640-1247a3v.jpg'
D, [2016-01-04T16:31:18.055843 #2640] DEBUG -- : DRAGONFLY: shell command: 'identify' '-ping' '-format' '%m %w %h' '/var/folders/dr/0yjch_bx0kjdlvx7fhnrzn700000gn/T/dragonfly20160104-2640-1247a3v.jpg'
D, [2016-01-04T16:33:03.924720 #2714] DEBUG -- : DRAGONFLY: shell command: 'identify' '-ping' '-format' '%m %w %h' '/Users/sebastiennicolaidis/ruby/gemgem/test/images/cell.jpg'
D, [2016-01-04T16:33:03.935992 #2714] DEBUG -- : DRAGONFLY: shell command: 'convert' '/Users/sebastiennicolaidis/ruby/gemgem/test/images/cell.jpg' '-resize' '120x120^^' '-gravity' 'Center' '-crop' '120x120+0+0' '+repage' '/var/folders/dr/0yjch_bx0kjdlvx7fhnrzn700000gn/T/dragonfly20160104-2714-qr7bah.jpg'
D, [2016-01-04T16:33:03.972660 #2714] DEBUG -- : DRAGONFLY: shell command: 'identify' '-ping' '-format' '%m %w %h' '/var/folders/dr/0yjch_bx0kjdlvx7fhnrzn700000gn/T/dragonfly20160104-2714-qr7bah.jpg'
D, [2016-01-04T16:33:04.309265 #2714] DEBUG -- : DRAGONFLY: shell command: 'identify' '-ping' '-format' '%m %w %h' '/Users/sebastiennicolaidis/ruby/gemgem/test/images/cell.jpg'
D, [2016-01-04T16:33:04.326579 #2714] DEBUG -- : DRAGONFLY: shell command: 'convert' '/Users/sebastiennicolaidis/ruby/gemgem/test/images/cell.jpg' '-resize' '120x120^^' '-gravity' 'Center' '-crop' '120x120+0+0' '+repage' '/var/folders/dr/0yjch_bx0kjdlvx7fhnrzn700000gn/T/dragonfly20160104-2714-11ipirl.jpg'
D, [2016-01-04T16:33:04.361479 #2714] DEBUG -- : DRAGONFLY: shell command: 'identify' '-ping' '-format' '%m %w %h' '/var/folders/dr/0yjch_bx0kjdlvx7fhnrzn700000gn/T/dragonfly20160104-2714-11ipirl.jpg'
D, [2016-01-04T16:33:05.028508 #2692] DEBUG -- : DRAGONFLY: shell command: 'identify' '-ping' '-format' '%m %w %h' '/Users/sebastiennicolaidis/ruby/gemgem/test/images/cell.jpg'
D, [2016-01-04T16:33:05.042218 #2692] DEBUG -- : DRAGONFLY: shell command: 'convert' '/Users/sebastiennicolaidis/ruby/gemgem/test/images/cell.jpg' '-resize' '120x120^^' '-gravity' 'Center' '-crop' '120x120+0+0' '+repage' '/var/folders/dr/0yjch_bx0kjdlvx7fhnrzn700000gn/T/dragonfly20160104-2692-alrwgo.jpg'
D, [2016-01-04T16:33:05.079980 #2692] DEBUG -- : DRAGONFLY: shell command: 'identify' '-ping' '-format' '%m %w %h' '/var/folders/dr/0yjch_bx0kjdlvx7fhnrzn700000gn/T/dragonfly20160104-2692-alrwgo.jpg'
D, [2016-01-04T16:33:06.865417 #2692] DEBUG -- : DRAGONFLY: shell command: 'identify' '-ping' '-format' '%m %w %h' '/Users/sebastiennicolaidis/ruby/gemgem/test/images/cell.jpg'
D, [2016-01-04T16:33:06.876397 #2692] DEBUG -- : DRAGONFLY: shell command: 'convert' '/Users/sebastiennicolaidis/ruby/gemgem/test/images/cell.jpg' '-resize' '120x120^^' '-gravity' 'Center' '-crop' '120x120+0+0' '+repage' '/var/folders/dr/0yjch_bx0kjdlvx7fhnrzn700000gn/T/dragonfly20160104-2692-6jpskt.jpg'
D, [2016-01-04T16:33:06.909308 #2692] DEBUG -- : DRAGONFLY: shell command: 'identify' '-ping' '-format' '%m %w %h' '/var/folders/dr/0yjch_bx0kjdlvx7fhnrzn700000gn/T/dragonfly20160104-2692-6jpskt.jpg'
D, [2016-01-04T16:34:11.704269 #2770] DEBUG -- : DRAGONFLY: shell command: 'identify' '-ping' '-format' '%m %w %h' '/Users/sebastiennicolaidis/ruby/gemgem/test/images/cell.jpg'
D, [2016-01-04T16:34:11.718110 #2770] DEBUG -- : DRAGONFLY: shell command: 'convert' '/Users/sebastiennicolaidis/ruby/gemgem/test/images/cell.jpg' '-resize' '120x120^^' '-gravity' 'Center' '-crop' '120x120+0+0' '+repage' '/var/folders/dr/0yjch_bx0kjdlvx7fhnrzn700000gn/T/dragonfly20160104-2770-6aaps.jpg'
D, [2016-01-04T16:34:11.765393 #2770] DEBUG -- : DRAGONFLY: shell command: 'identify' '-ping' '-format' '%m %w %h' '/var/folders/dr/0yjch_bx0kjdlvx7fhnrzn700000gn/T/dragonfly20160104-2770-6aaps.jpg'
D, [2016-01-04T16:34:12.753020 #2770] DEBUG -- : DRAGONFLY: shell command: 'identify' '-ping' '-format' '%m %w %h' '/Users/sebastiennicolaidis/ruby/gemgem/test/images/cell.jpg'
D, [2016-01-04T16:34:12.766603 #2770] DEBUG -- : DRAGONFLY: shell command: 'convert' '/Users/sebastiennicolaidis/ruby/gemgem/test/images/cell.jpg' '-resize' '120x120^^' '-gravity' 'Center' '-crop' '120x120+0+0' '+repage' '/var/folders/dr/0yjch_bx0kjdlvx7fhnrzn700000gn/T/dragonfly20160104-2770-1eo40hu.jpg'
D, [2016-01-04T16:34:12.804425 #2770] DEBUG -- : DRAGONFLY: shell command: 'identify' '-ping' '-format' '%m %w %h' '/var/folders/dr/0yjch_bx0kjdlvx7fhnrzn700000gn/T/dragonfly20160104-2770-1eo40hu.jpg'
D, [2016-01-04T16:34:13.511062 #2749] DEBUG -- : DRAGONFLY: shell command: 'identify' '-ping' '-format' '%m %w %h' '/Users/sebastiennicolaidis/ruby/gemgem/test/images/cell.jpg'
D, [2016-01-04T16:34:13.530935 #2749] DEBUG -- : DRAGONFLY: shell command: 'convert' '/Users/sebastiennicolaidis/ruby/gemgem/test/images/cell.jpg' '-resize' '120x120^^' '-gravity' 'Center' '-crop' '120x120+0+0' '+repage' '/var/folders/dr/0yjch_bx0kjdlvx7fhnrzn700000gn/T/dragonfly20160104-2749-lp9237.jpg'
D, [2016-01-04T16:34:13.568531 #2749] DEBUG -- : DRAGONFLY: shell command: 'identify' '-ping' '-format' '%m %w %h' '/var/folders/dr/0yjch_bx0kjdlvx7fhnrzn700000gn/T/dragonfly20160104-2749-lp9237.jpg'
D, [2016-01-04T16:34:17.564487 #2749] DEBUG -- : DRAGONFLY: shell command: 'identify' '-ping' '-format' '%m %w %h' '/Users/sebastiennicolaidis/ruby/gemgem/test/images/cell.jpg'
D, [2016-01-04T16:34:17.575662 #2749] DEBUG -- : DRAGONFLY: shell command: 'convert' '/Users/sebastiennicolaidis/ruby/gemgem/test/images/cell.jpg' '-resize' '120x120^^' '-gravity' 'Center' '-crop' '120x120+0+0' '+repage' '/var/folders/dr/0yjch_bx0kjdlvx7fhnrzn700000gn/T/dragonfly20160104-2749-ef6ygy.jpg'
D, [2016-01-04T16:34:17.612423 #2749] DEBUG -- : DRAGONFLY: shell command: 'identify' '-ping' '-format' '%m %w %h' '/var/folders/dr/0yjch_bx0kjdlvx7fhnrzn700000gn/T/dragonfly20160104-2749-ef6ygy.jpg'
D, [2016-01-04T16:40:16.671468 #2895] DEBUG -- : DRAGONFLY: shell command: 'identify' '-ping' '-format' '%m %w %h' '/Users/sebastiennicolaidis/ruby/gemgem/test/images/cell.jpg'
D, [2016-01-04T16:40:16.685910 #2895] DEBUG -- : DRAGONFLY: shell command: 'convert' '/Users/sebastiennicolaidis/ruby/gemgem/test/images/cell.jpg' '-resize' '120x120^^' '-gravity' 'Center' '-crop' '120x120+0+0' '+repage' '/var/folders/dr/0yjch_bx0kjdlvx7fhnrzn700000gn/T/dragonfly20160104-2895-62sdjw.jpg'
D, [2016-01-04T16:40:16.725843 #2895] DEBUG -- : DRAGONFLY: shell command: 'identify' '-ping' '-format' '%m %w %h' '/var/folders/dr/0yjch_bx0kjdlvx7fhnrzn700000gn/T/dragonfly20160104-2895-62sdjw.jpg'
D, [2016-01-04T16:40:17.605444 #2895] DEBUG -- : DRAGONFLY: shell command: 'identify' '-ping' '-format' '%m %w %h' '/Users/sebastiennicolaidis/ruby/gemgem/test/images/cell.jpg'
D, [2016-01-04T16:40:17.620530 #2895] DEBUG -- : DRAGONFLY: shell command: 'convert' '/Users/sebastiennicolaidis/ruby/gemgem/test/images/cell.jpg' '-resize' '120x120^^' '-gravity' 'Center' '-crop' '120x120+0+0' '+repage' '/var/folders/dr/0yjch_bx0kjdlvx7fhnrzn700000gn/T/dragonfly20160104-2895-wj120n.jpg'
D, [2016-01-04T16:40:17.653524 #2895] DEBUG -- : DRAGONFLY: shell command: 'identify' '-ping' '-format' '%m %w %h' '/var/folders/dr/0yjch_bx0kjdlvx7fhnrzn700000gn/T/dragonfly20160104-2895-wj120n.jpg'
D, [2016-01-04T16:40:23.095403 #2874] DEBUG -- : DRAGONFLY: shell command: 'identify' '-ping' '-format' '%m %w %h' '/Users/sebastiennicolaidis/ruby/gemgem/test/images/cell.jpg'
D, [2016-01-04T16:40:23.107643 #2874] DEBUG -- : DRAGONFLY: shell command: 'convert' '/Users/sebastiennicolaidis/ruby/gemgem/test/images/cell.jpg' '-resize' '120x120^^' '-gravity' 'Center' '-crop' '120x120+0+0' '+repage' '/var/folders/dr/0yjch_bx0kjdlvx7fhnrzn700000gn/T/dragonfly20160104-2874-1owogj7.jpg'
D, [2016-01-04T16:40:23.144785 #2874] DEBUG -- : DRAGONFLY: shell command: 'identify' '-ping' '-format' '%m %w %h' '/var/folders/dr/0yjch_bx0kjdlvx7fhnrzn700000gn/T/dragonfly20160104-2874-1owogj7.jpg'
D, [2016-01-04T16:40:23.369285 #2874] DEBUG -- : DRAGONFLY: shell command: 'identify' '-ping' '-format' '%m %w %h' '/Users/sebastiennicolaidis/ruby/gemgem/test/images/cell.jpg'
D, [2016-01-04T16:40:23.385494 #2874] DEBUG -- : DRAGONFLY: shell command: 'convert' '/Users/sebastiennicolaidis/ruby/gemgem/test/images/cell.jpg' '-resize' '120x120^^' '-gravity' 'Center' '-crop' '120x120+0+0' '+repage' '/var/folders/dr/0yjch_bx0kjdlvx7fhnrzn700000gn/T/dragonfly20160104-2874-jt9me9.jpg'
D, [2016-01-04T16:40:23.421122 #2874] DEBUG -- : DRAGONFLY: shell command: 'identify' '-ping' '-format' '%m %w %h' '/var/folders/dr/0yjch_bx0kjdlvx7fhnrzn700000gn/T/dragonfly20160104-2874-jt9me9.jpg'
D, [2016-01-04T16:44:46.788667 #2972] DEBUG -- : DRAGONFLY: shell command: 'identify' '-ping' '-format' '%m %w %h' '/Users/sebastiennicolaidis/ruby/gemgem/test/images/cell.jpg'
D, [2016-01-04T16:44:46.809228 #2972] DEBUG -- : DRAGONFLY: shell command: 'convert' '/Users/sebastiennicolaidis/ruby/gemgem/test/images/cell.jpg' '-resize' '120x120^^' '-gravity' 'Center' '-crop' '120x120+0+0' '+repage' '/var/folders/dr/0yjch_bx0kjdlvx7fhnrzn700000gn/T/dragonfly20160104-2972-1falubu.jpg'
D, [2016-01-04T16:44:46.845474 #2972] DEBUG -- : DRAGONFLY: shell command: 'identify' '-ping' '-format' '%m %w %h' '/var/folders/dr/0yjch_bx0kjdlvx7fhnrzn700000gn/T/dragonfly20160104-2972-1falubu.jpg'
D, [2016-01-04T16:44:47.308608 #2972] DEBUG -- : DRAGONFLY: shell command: 'identify' '-ping' '-format' '%m %w %h' '/Users/sebastiennicolaidis/ruby/gemgem/test/images/cell.jpg'
D, [2016-01-04T16:44:47.326016 #2972] DEBUG -- : DRAGONFLY: shell command: 'convert' '/Users/sebastiennicolaidis/ruby/gemgem/test/images/cell.jpg' '-resize' '120x120^^' '-gravity' 'Center' '-crop' '120x120+0+0' '+repage' '/var/folders/dr/0yjch_bx0kjdlvx7fhnrzn700000gn/T/dragonfly20160104-2972-vayea5.jpg'
D, [2016-01-04T16:44:47.366719 #2972] DEBUG -- : DRAGONFLY: shell command: 'identify' '-ping' '-format' '%m %w %h' '/var/folders/dr/0yjch_bx0kjdlvx7fhnrzn700000gn/T/dragonfly20160104-2972-vayea5.jpg'
D, [2016-01-04T16:44:50.590361 #2951] DEBUG -- : DRAGONFLY: shell command: 'identify' '-ping' '-format' '%m %w %h' '/Users/sebastiennicolaidis/ruby/gemgem/test/images/cell.jpg'
D, [2016-01-04T16:44:50.609072 #2951] DEBUG -- : DRAGONFLY: shell command: 'convert' '/Users/sebastiennicolaidis/ruby/gemgem/test/images/cell.jpg' '-resize' '120x120^^' '-gravity' 'Center' '-crop' '120x120+0+0' '+repage' '/var/folders/dr/0yjch_bx0kjdlvx7fhnrzn700000gn/T/dragonfly20160104-2951-l2ychy.jpg'
D, [2016-01-04T16:44:50.644488 #2951] DEBUG -- : DRAGONFLY: shell command: 'identify' '-ping' '-format' '%m %w %h' '/var/folders/dr/0yjch_bx0kjdlvx7fhnrzn700000gn/T/dragonfly20160104-2951-l2ychy.jpg'
D, [2016-01-04T16:44:54.937256 #2951] DEBUG -- : DRAGONFLY: shell command: 'identify' '-ping' '-format' '%m %w %h' '/Users/sebastiennicolaidis/ruby/gemgem/test/images/cell.jpg'
D, [2016-01-04T16:44:54.956012 #2951] DEBUG -- : DRAGONFLY: shell command: 'convert' '/Users/sebastiennicolaidis/ruby/gemgem/test/images/cell.jpg' '-resize' '120x120^^' '-gravity' 'Center' '-crop' '120x120+0+0' '+repage' '/var/folders/dr/0yjch_bx0kjdlvx7fhnrzn700000gn/T/dragonfly20160104-2951-1dpqzij.jpg'
D, [2016-01-04T16:44:54.993677 #2951] DEBUG -- : DRAGONFLY: shell command: 'identify' '-ping' '-format' '%m %w %h' '/var/folders/dr/0yjch_bx0kjdlvx7fhnrzn700000gn/T/dragonfly20160104-2951-1dpqzij.jpg'
D, [2016-01-07T22:51:05.345247 #39334] DEBUG -- : DRAGONFLY: shell command: 'identify' '-ping' '-format' '%m %w %h' '/Users/sebastiennicolaidis/ruby/gemgem/test/images/cell.jpg'
D, [2016-01-07T22:51:05.394105 #39334] DEBUG -- : DRAGONFLY: shell command: 'convert' '/Users/sebastiennicolaidis/ruby/gemgem/test/images/cell.jpg' '-resize' '120x120^^' '-gravity' 'Center' '-crop' '120x120+0+0' '+repage' '/var/folders/dr/0yjch_bx0kjdlvx7fhnrzn700000gn/T/dragonfly20160107-39334-1kil8o6.jpg'
D, [2016-01-07T22:51:05.438894 #39334] DEBUG -- : DRAGONFLY: shell command: 'identify' '-ping' '-format' '%m %w %h' '/var/folders/dr/0yjch_bx0kjdlvx7fhnrzn700000gn/T/dragonfly20160107-39334-1kil8o6.jpg'
D, [2016-01-07T22:51:05.746526 #39334] DEBUG -- : DRAGONFLY: shell command: 'identify' '-ping' '-format' '%m %w %h' '/Users/sebastiennicolaidis/ruby/gemgem/test/images/cell.jpg'
D, [2016-01-07T22:51:05.758778 #39334] DEBUG -- : DRAGONFLY: shell command: 'convert' '/Users/sebastiennicolaidis/ruby/gemgem/test/images/cell.jpg' '-resize' '120x120^^' '-gravity' 'Center' '-crop' '120x120+0+0' '+repage' '/var/folders/dr/0yjch_bx0kjdlvx7fhnrzn700000gn/T/dragonfly20160107-39334-i17zvr.jpg'
D, [2016-01-07T22:51:05.792777 #39334] DEBUG -- : DRAGONFLY: shell command: 'identify' '-ping' '-format' '%m %w %h' '/var/folders/dr/0yjch_bx0kjdlvx7fhnrzn700000gn/T/dragonfly20160107-39334-i17zvr.jpg'
D, [2016-01-07T22:51:37.892758 #39375] DEBUG -- : DRAGONFLY: shell command: 'identify' '-ping' '-format' '%m %w %h' '/Users/sebastiennicolaidis/ruby/gemgem/test/images/cell.jpg'
D, [2016-01-07T22:51:37.903625 #39375] DEBUG -- : DRAGONFLY: shell command: 'convert' '/Users/sebastiennicolaidis/ruby/gemgem/test/images/cell.jpg' '-resize' '120x120^^' '-gravity' 'Center' '-crop' '120x120+0+0' '+repage' '/var/folders/dr/0yjch_bx0kjdlvx7fhnrzn700000gn/T/dragonfly20160107-39375-25b7f.jpg'
D, [2016-01-07T22:51:37.939425 #39375] DEBUG -- : DRAGONFLY: shell command: 'identify' '-ping' '-format' '%m %w %h' '/var/folders/dr/0yjch_bx0kjdlvx7fhnrzn700000gn/T/dragonfly20160107-39375-25b7f.jpg'
D, [2016-01-07T22:51:38.292785 #39375] DEBUG -- : DRAGONFLY: shell command: 'identify' '-ping' '-format' '%m %w %h' '/Users/sebastiennicolaidis/ruby/gemgem/test/images/cell.jpg'
D, [2016-01-07T22:51:38.303312 #39375] DEBUG -- : DRAGONFLY: shell command: 'convert' '/Users/sebastiennicolaidis/ruby/gemgem/test/images/cell.jpg' '-resize' '120x120^^' '-gravity' 'Center' '-crop' '120x120+0+0' '+repage' '/var/folders/dr/0yjch_bx0kjdlvx7fhnrzn700000gn/T/dragonfly20160107-39375-1fgdtwk.jpg'
D, [2016-01-07T22:51:38.334997 #39375] DEBUG -- : DRAGONFLY: shell command: 'identify' '-ping' '-format' '%m %w %h' '/var/folders/dr/0yjch_bx0kjdlvx7fhnrzn700000gn/T/dragonfly20160107-39375-1fgdtwk.jpg'
D, [2016-01-07T22:52:42.150002 #39432] DEBUG -- : DRAGONFLY: shell command: 'identify' '-ping' '-format' '%m %w %h' '/Users/sebastiennicolaidis/ruby/gemgem/test/images/cell.jpg'
D, [2016-01-07T22:52:42.161384 #39432] DEBUG -- : DRAGONFLY: shell command: 'convert' '/Users/sebastiennicolaidis/ruby/gemgem/test/images/cell.jpg' '-resize' '120x120^^' '-gravity' 'Center' '-crop' '120x120+0+0' '+repage' '/var/folders/dr/0yjch_bx0kjdlvx7fhnrzn700000gn/T/dragonfly20160107-39432-1gds5mg.jpg'
D, [2016-01-07T22:52:42.197226 #39432] DEBUG -- : DRAGONFLY: shell command: 'identify' '-ping' '-format' '%m %w %h' '/var/folders/dr/0yjch_bx0kjdlvx7fhnrzn700000gn/T/dragonfly20160107-39432-1gds5mg.jpg'
D, [2016-01-07T22:52:43.309651 #39432] DEBUG -- : DRAGONFLY: shell command: 'identify' '-ping' '-format' '%m %w %h' '/Users/sebastiennicolaidis/ruby/gemgem/test/images/cell.jpg'
D, [2016-01-07T22:52:43.320578 #39432] DEBUG -- : DRAGONFLY: shell command: 'convert' '/Users/sebastiennicolaidis/ruby/gemgem/test/images/cell.jpg' '-resize' '120x120^^' '-gravity' 'Center' '-crop' '120x120+0+0' '+repage' '/var/folders/dr/0yjch_bx0kjdlvx7fhnrzn700000gn/T/dragonfly20160107-39432-1od5hjo.jpg'
D, [2016-01-07T22:52:43.354861 #39432] DEBUG -- : DRAGONFLY: shell command: 'identify' '-ping' '-format' '%m %w %h' '/var/folders/dr/0yjch_bx0kjdlvx7fhnrzn700000gn/T/dragonfly20160107-39432-1od5hjo.jpg'
D, [2016-01-07T22:52:44.339881 #39403] DEBUG -- : DRAGONFLY: shell command: 'identify' '-ping' '-format' '%m %w %h' '/Users/sebastiennicolaidis/ruby/gemgem/test/images/cell.jpg'
D, [2016-01-07T22:52:44.352252 #39403] DEBUG -- : DRAGONFLY: shell command: 'convert' '/Users/sebastiennicolaidis/ruby/gemgem/test/images/cell.jpg' '-resize' '120x120^^' '-gravity' 'Center' '-crop' '120x120+0+0' '+repage' '/var/folders/dr/0yjch_bx0kjdlvx7fhnrzn700000gn/T/dragonfly20160107-39403-13ha3f4.jpg'
D, [2016-01-07T22:52:44.387431 #39403] DEBUG -- : DRAGONFLY: shell command: 'identify' '-ping' '-format' '%m %w %h' '/var/folders/dr/0yjch_bx0kjdlvx7fhnrzn700000gn/T/dragonfly20160107-39403-13ha3f4.jpg'
D, [2016-01-07T22:52:50.122646 #39403] DEBUG -- : DRAGONFLY: shell command: 'identify' '-ping' '-format' '%m %w %h' '/Users/sebastiennicolaidis/ruby/gemgem/test/images/cell.jpg'
D, [2016-01-07T22:52:50.135974 #39403] DEBUG -- : DRAGONFLY: shell command: 'convert' '/Users/sebastiennicolaidis/ruby/gemgem/test/images/cell.jpg' '-resize' '120x120^^' '-gravity' 'Center' '-crop' '120x120+0+0' '+repage' '/var/folders/dr/0yjch_bx0kjdlvx7fhnrzn700000gn/T/dragonfly20160107-39403-16wll95.jpg'
D, [2016-01-07T22:52:50.168885 #39403] DEBUG -- : DRAGONFLY: shell command: 'identify' '-ping' '-format' '%m %w %h' '/var/folders/dr/0yjch_bx0kjdlvx7fhnrzn700000gn/T/dragonfly20160107-39403-16wll95.jpg'
D, [2016-01-07T22:53:05.947675 #39480] DEBUG -- : DRAGONFLY: shell command: 'identify' '-ping' '-format' '%m %w %h' '/Users/sebastiennicolaidis/ruby/gemgem/test/images/cell.jpg'
D, [2016-01-07T22:53:05.960527 #39480] DEBUG -- : DRAGONFLY: shell command: 'convert' '/Users/sebastiennicolaidis/ruby/gemgem/test/images/cell.jpg' '-resize' '120x120^^' '-gravity' 'Center' '-crop' '120x120+0+0' '+repage' '/var/folders/dr/0yjch_bx0kjdlvx7fhnrzn700000gn/T/dragonfly20160107-39480-pahm5i.jpg'
D, [2016-01-07T22:53:05.992014 #39480] DEBUG -- : DRAGONFLY: shell command: 'identify' '-ping' '-format' '%m %w %h' '/var/folders/dr/0yjch_bx0kjdlvx7fhnrzn700000gn/T/dragonfly20160107-39480-pahm5i.jpg'
D, [2016-01-07T22:53:06.185767 #39480] DEBUG -- : DRAGONFLY: shell command: 'identify' '-ping' '-format' '%m %w %h' '/Users/sebastiennicolaidis/ruby/gemgem/test/images/cell.jpg'
D, [2016-01-07T22:53:06.197918 #39480] DEBUG -- : DRAGONFLY: shell command: 'convert' '/Users/sebastiennicolaidis/ruby/gemgem/test/images/cell.jpg' '-resize' '120x120^^' '-gravity' 'Center' '-crop' '120x120+0+0' '+repage' '/var/folders/dr/0yjch_bx0kjdlvx7fhnrzn700000gn/T/dragonfly20160107-39480-wfdehm.jpg'
D, [2016-01-07T22:53:06.229238 #39480] DEBUG -- : DRAGONFLY: shell command: 'identify' '-ping' '-format' '%m %w %h' '/var/folders/dr/0yjch_bx0kjdlvx7fhnrzn700000gn/T/dragonfly20160107-39480-wfdehm.jpg'
D, [2016-01-07T22:53:09.017925 #39459] DEBUG -- : DRAGONFLY: shell command: 'identify' '-ping' '-format' '%m %w %h' '/Users/sebastiennicolaidis/ruby/gemgem/test/images/cell.jpg'
D, [2016-01-07T22:53:09.039001 #39459] DEBUG -- : DRAGONFLY: shell command: 'convert' '/Users/sebastiennicolaidis/ruby/gemgem/test/images/cell.jpg' '-resize' '120x120^^' '-gravity' 'Center' '-crop' '120x120+0+0' '+repage' '/var/folders/dr/0yjch_bx0kjdlvx7fhnrzn700000gn/T/dragonfly20160107-39459-1095n0x.jpg'
D, [2016-01-07T22:53:09.070746 #39459] DEBUG -- : DRAGONFLY: shell command: 'identify' '-ping' '-format' '%m %w %h' '/var/folders/dr/0yjch_bx0kjdlvx7fhnrzn700000gn/T/dragonfly20160107-39459-1095n0x.jpg'
D, [2016-01-07T22:53:14.112749 #39459] DEBUG -- : DRAGONFLY: shell command: 'identify' '-ping' '-format' '%m %w %h' '/Users/sebastiennicolaidis/ruby/gemgem/test/images/cell.jpg'
D, [2016-01-07T22:53:14.125991 #39459] DEBUG -- : DRAGONFLY: shell command: 'convert' '/Users/sebastiennicolaidis/ruby/gemgem/test/images/cell.jpg' '-resize' '120x120^^' '-gravity' 'Center' '-crop' '120x120+0+0' '+repage' '/var/folders/dr/0yjch_bx0kjdlvx7fhnrzn700000gn/T/dragonfly20160107-39459-bb0no1.jpg'
D, [2016-01-07T22:53:14.157756 #39459] DEBUG -- : DRAGONFLY: shell command: 'identify' '-ping' '-format' '%m %w %h' '/var/folders/dr/0yjch_bx0kjdlvx7fhnrzn700000gn/T/dragonfly20160107-39459-bb0no1.jpg'
D, [2016-01-08T02:35:01.838426 #41905] DEBUG -- : DRAGONFLY: shell command: 'identify' '-ping' '-format' '%m %w %h' '/Users/sebastiennicolaidis/ruby/gemgem/test/images/cell.jpg'
D, [2016-01-08T02:35:01.886763 #41905] DEBUG -- : DRAGONFLY: shell command: 'convert' '/Users/sebastiennicolaidis/ruby/gemgem/test/images/cell.jpg' '-resize' '120x120^^' '-gravity' 'Center' '-crop' '120x120+0+0' '+repage' '/var/folders/dr/0yjch_bx0kjdlvx7fhnrzn700000gn/T/dragonfly20160108-41905-1rpz3cq.jpg'
D, [2016-01-08T02:35:01.930167 #41905] DEBUG -- : DRAGONFLY: shell command: 'identify' '-ping' '-format' '%m %w %h' '/var/folders/dr/0yjch_bx0kjdlvx7fhnrzn700000gn/T/dragonfly20160108-41905-1rpz3cq.jpg'
D, [2016-01-08T02:35:02.211859 #41905] DEBUG -- : DRAGONFLY: shell command: 'identify' '-ping' '-format' '%m %w %h' '/Users/sebastiennicolaidis/ruby/gemgem/test/images/cell.jpg'
D, [2016-01-08T02:35:02.228161 #41905] DEBUG -- : DRAGONFLY: shell command: 'convert' '/Users/sebastiennicolaidis/ruby/gemgem/test/images/cell.jpg' '-resize' '120x120^^' '-gravity' 'Center' '-crop' '120x120+0+0' '+repage' '/var/folders/dr/0yjch_bx0kjdlvx7fhnrzn700000gn/T/dragonfly20160108-41905-17lafj.jpg'
D, [2016-01-08T02:35:02.260791 #41905] DEBUG -- : DRAGONFLY: shell command: 'identify' '-ping' '-format' '%m %w %h' '/var/folders/dr/0yjch_bx0kjdlvx7fhnrzn700000gn/T/dragonfly20160108-41905-17lafj.jpg'
D, [2016-01-08T02:35:09.481569 #41884] DEBUG -- : DRAGONFLY: shell command: 'identify' '-ping' '-format' '%m %w %h' '/Users/sebastiennicolaidis/ruby/gemgem/test/images/cell.jpg'
D, [2016-01-08T02:35:09.497670 #41884] DEBUG -- : DRAGONFLY: shell command: 'convert' '/Users/sebastiennicolaidis/ruby/gemgem/test/images/cell.jpg' '-resize' '120x120^^' '-gravity' 'Center' '-crop' '120x120+0+0' '+repage' '/var/folders/dr/0yjch_bx0kjdlvx7fhnrzn700000gn/T/dragonfly20160108-41884-6tzwvs.jpg'
D, [2016-01-08T02:35:09.529218 #41884] DEBUG -- : DRAGONFLY: shell command: 'identify' '-ping' '-format' '%m %w %h' '/var/folders/dr/0yjch_bx0kjdlvx7fhnrzn700000gn/T/dragonfly20160108-41884-6tzwvs.jpg'
D, [2016-01-08T02:35:10.114453 #41884] DEBUG -- : DRAGONFLY: shell command: 'identify' '-ping' '-format' '%m %w %h' '/Users/sebastiennicolaidis/ruby/gemgem/test/images/cell.jpg'
D, [2016-01-08T02:35:10.133594 #41884] DEBUG -- : DRAGONFLY: shell command: 'convert' '/Users/sebastiennicolaidis/ruby/gemgem/test/images/cell.jpg' '-resize' '120x120^^' '-gravity' 'Center' '-crop' '120x120+0+0' '+repage' '/var/folders/dr/0yjch_bx0kjdlvx7fhnrzn700000gn/T/dragonfly20160108-41884-o8jeem.jpg'
D, [2016-01-08T02:35:10.169161 #41884] DEBUG -- : DRAGONFLY: shell command: 'identify' '-ping' '-format' '%m %w %h' '/var/folders/dr/0yjch_bx0kjdlvx7fhnrzn700000gn/T/dragonfly20160108-41884-o8jeem.jpg'
D, [2016-01-08T02:46:30.563431 #42059] DEBUG -- : DRAGONFLY: shell command: 'identify' '-ping' '-format' '%m %w %h' '/Users/sebastiennicolaidis/ruby/gemgem/test/images/cell.jpg'
D, [2016-01-08T02:46:30.579683 #42059] DEBUG -- : DRAGONFLY: shell command: 'convert' '/Users/sebastiennicolaidis/ruby/gemgem/test/images/cell.jpg' '-resize' '120x120^^' '-gravity' 'Center' '-crop' '120x120+0+0' '+repage' '/var/folders/dr/0yjch_bx0kjdlvx7fhnrzn700000gn/T/dragonfly20160108-42059-1hqhj7g.jpg'
D, [2016-01-08T02:46:30.612424 #42059] DEBUG -- : DRAGONFLY: shell command: 'identify' '-ping' '-format' '%m %w %h' '/var/folders/dr/0yjch_bx0kjdlvx7fhnrzn700000gn/T/dragonfly20160108-42059-1hqhj7g.jpg'
D, [2016-01-08T02:46:31.202399 #42059] DEBUG -- : DRAGONFLY: shell command: 'identify' '-ping' '-format' '%m %w %h' '/Users/sebastiennicolaidis/ruby/gemgem/test/images/cell.jpg'
D, [2016-01-08T02:46:31.219802 #42059] DEBUG -- : DRAGONFLY: shell command: 'convert' '/Users/sebastiennicolaidis/ruby/gemgem/test/images/cell.jpg' '-resize' '120x120^^' '-gravity' 'Center' '-crop' '120x120+0+0' '+repage' '/var/folders/dr/0yjch_bx0kjdlvx7fhnrzn700000gn/T/dragonfly20160108-42059-1muavvv.jpg'
D, [2016-01-08T02:46:31.252813 #42059] DEBUG -- : DRAGONFLY: shell command: 'identify' '-ping' '-format' '%m %w %h' '/var/folders/dr/0yjch_bx0kjdlvx7fhnrzn700000gn/T/dragonfly20160108-42059-1muavvv.jpg'
D, [2016-01-08T02:48:02.348973 #42108] DEBUG -- : DRAGONFLY: shell command: 'identify' '-ping' '-format' '%m %w %h' '/Users/sebastiennicolaidis/ruby/gemgem/test/images/cell.jpg'
D, [2016-01-08T02:48:02.370952 #42108] DEBUG -- : DRAGONFLY: shell command: 'convert' '/Users/sebastiennicolaidis/ruby/gemgem/test/images/cell.jpg' '-resize' '120x120^^' '-gravity' 'Center' '-crop' '120x120+0+0' '+repage' '/var/folders/dr/0yjch_bx0kjdlvx7fhnrzn700000gn/T/dragonfly20160108-42108-15btbwh.jpg'
D, [2016-01-08T02:48:02.402484 #42108] DEBUG -- : DRAGONFLY: shell command: 'identify' '-ping' '-format' '%m %w %h' '/var/folders/dr/0yjch_bx0kjdlvx7fhnrzn700000gn/T/dragonfly20160108-42108-15btbwh.jpg'
D, [2016-01-08T02:48:02.635826 #42108] DEBUG -- : DRAGONFLY: shell command: 'identify' '-ping' '-format' '%m %w %h' '/Users/sebastiennicolaidis/ruby/gemgem/test/images/cell.jpg'
D, [2016-01-08T02:48:02.651690 #42108] DEBUG -- : DRAGONFLY: shell command: 'convert' '/Users/sebastiennicolaidis/ruby/gemgem/test/images/cell.jpg' '-resize' '120x120^^' '-gravity' 'Center' '-crop' '120x120+0+0' '+repage' '/var/folders/dr/0yjch_bx0kjdlvx7fhnrzn700000gn/T/dragonfly20160108-42108-1296obf.jpg'
D, [2016-01-08T02:48:02.684248 #42108] DEBUG -- : DRAGONFLY: shell command: 'identify' '-ping' '-format' '%m %w %h' '/var/folders/dr/0yjch_bx0kjdlvx7fhnrzn700000gn/T/dragonfly20160108-42108-1296obf.jpg'
D, [2016-01-08T03:03:47.693018 #42347] DEBUG -- : DRAGONFLY: shell command: 'identify' '-ping' '-format' '%m %w %h' '/Users/sebastiennicolaidis/ruby/gemgem/test/images/cell.jpg'
D, [2016-01-08T03:03:47.711675 #42347] DEBUG -- : DRAGONFLY: shell command: 'convert' '/Users/sebastiennicolaidis/ruby/gemgem/test/images/cell.jpg' '-resize' '120x120^^' '-gravity' 'Center' '-crop' '120x120+0+0' '+repage' '/var/folders/dr/0yjch_bx0kjdlvx7fhnrzn700000gn/T/dragonfly20160108-42347-ry6yqk.jpg'
D, [2016-01-08T03:03:47.756225 #42347] DEBUG -- : DRAGONFLY: shell command: 'identify' '-ping' '-format' '%m %w %h' '/var/folders/dr/0yjch_bx0kjdlvx7fhnrzn700000gn/T/dragonfly20160108-42347-ry6yqk.jpg'
D, [2016-01-08T03:03:48.311555 #42347] DEBUG -- : DRAGONFLY: shell command: 'identify' '-ping' '-format' '%m %w %h' '/Users/sebastiennicolaidis/ruby/gemgem/test/images/cell.jpg'
D, [2016-01-08T03:03:48.328343 #42347] DEBUG -- : DRAGONFLY: shell command: 'convert' '/Users/sebastiennicolaidis/ruby/gemgem/test/images/cell.jpg' '-resize' '120x120^^' '-gravity' 'Center' '-crop' '120x120+0+0' '+repage' '/var/folders/dr/0yjch_bx0kjdlvx7fhnrzn700000gn/T/dragonfly20160108-42347-1wrrzex.jpg'
D, [2016-01-08T03:03:48.361711 #42347] DEBUG -- : DRAGONFLY: shell command: 'identify' '-ping' '-format' '%m %w %h' '/var/folders/dr/0yjch_bx0kjdlvx7fhnrzn700000gn/T/dragonfly20160108-42347-1wrrzex.jpg'
D, [2016-01-08T03:05:09.255509 #42390] DEBUG -- : DRAGONFLY: shell command: 'identify' '-ping' '-format' '%m %w %h' '/Users/sebastiennicolaidis/ruby/gemgem/test/images/cell.jpg'
D, [2016-01-08T03:05:09.267422 #42390] DEBUG -- : DRAGONFLY: shell command: 'convert' '/Users/sebastiennicolaidis/ruby/gemgem/test/images/cell.jpg' '-resize' '120x120^^' '-gravity' 'Center' '-crop' '120x120+0+0' '+repage' '/var/folders/dr/0yjch_bx0kjdlvx7fhnrzn700000gn/T/dragonfly20160108-42390-g3jcbv.jpg'
D, [2016-01-08T03:05:09.304345 #42390] DEBUG -- : DRAGONFLY: shell command: 'identify' '-ping' '-format' '%m %w %h' '/var/folders/dr/0yjch_bx0kjdlvx7fhnrzn700000gn/T/dragonfly20160108-42390-g3jcbv.jpg'
D, [2016-01-08T03:05:09.360995 #42390] DEBUG -- : DRAGONFLY: shell command: 'identify' '-ping' '-format' '%m %w %h' '/Users/sebastiennicolaidis/ruby/gemgem/test/images/cell.jpg'
D, [2016-01-08T03:05:09.376855 #42390] DEBUG -- : DRAGONFLY: shell command: 'convert' '/Users/sebastiennicolaidis/ruby/gemgem/test/images/cell.jpg' '-resize' '120x120^^' '-gravity' 'Center' '-crop' '120x120+0+0' '+repage' '/var/folders/dr/0yjch_bx0kjdlvx7fhnrzn700000gn/T/dragonfly20160108-42390-hmmvg5.jpg'
D, [2016-01-08T03:05:09.409425 #42390] DEBUG -- : DRAGONFLY: shell command: 'identify' '-ping' '-format' '%m %w %h' '/var/folders/dr/0yjch_bx0kjdlvx7fhnrzn700000gn/T/dragonfly20160108-42390-hmmvg5.jpg'
D, [2016-01-08T03:05:11.988784 #42368] DEBUG -- : DRAGONFLY: shell command: 'identify' '-ping' '-format' '%m %w %h' '/Users/sebastiennicolaidis/ruby/gemgem/test/images/cell.jpg'
D, [2016-01-08T03:05:12.003430 #42368] DEBUG -- : DRAGONFLY: shell command: 'convert' '/Users/sebastiennicolaidis/ruby/gemgem/test/images/cell.jpg' '-resize' '120x120^^' '-gravity' 'Center' '-crop' '120x120+0+0' '+repage' '/var/folders/dr/0yjch_bx0kjdlvx7fhnrzn700000gn/T/dragonfly20160108-42368-9x059t.jpg'
D, [2016-01-08T03:05:12.037411 #42368] DEBUG -- : DRAGONFLY: shell command: 'identify' '-ping' '-format' '%m %w %h' '/var/folders/dr/0yjch_bx0kjdlvx7fhnrzn700000gn/T/dragonfly20160108-42368-9x059t.jpg'
D, [2016-01-08T03:05:13.331353 #42368] DEBUG -- : DRAGONFLY: shell command: 'identify' '-ping' '-format' '%m %w %h' '/Users/sebastiennicolaidis/ruby/gemgem/test/images/cell.jpg'
D, [2016-01-08T03:05:13.345961 #42368] DEBUG -- : DRAGONFLY: shell command: 'convert' '/Users/sebastiennicolaidis/ruby/gemgem/test/images/cell.jpg' '-resize' '120x120^^' '-gravity' 'Center' '-crop' '120x120+0+0' '+repage' '/var/folders/dr/0yjch_bx0kjdlvx7fhnrzn700000gn/T/dragonfly20160108-42368-1itiq3d.jpg'
D, [2016-01-08T03:05:13.380177 #42368] DEBUG -- : DRAGONFLY: shell command: 'identify' '-ping' '-format' '%m %w %h' '/var/folders/dr/0yjch_bx0kjdlvx7fhnrzn700000gn/T/dragonfly20160108-42368-1itiq3d.jpg'
D, [2016-01-08T03:09:38.347692 #42477] DEBUG -- : DRAGONFLY: shell command: 'identify' '-ping' '-format' '%m %w %h' '/Users/sebastiennicolaidis/ruby/gemgem/test/images/cell.jpg'
D, [2016-01-08T03:09:38.360677 #42477] DEBUG -- : DRAGONFLY: shell command: 'convert' '/Users/sebastiennicolaidis/ruby/gemgem/test/images/cell.jpg' '-resize' '120x120^^' '-gravity' 'Center' '-crop' '120x120+0+0' '+repage' '/var/folders/dr/0yjch_bx0kjdlvx7fhnrzn700000gn/T/dragonfly20160108-42477-ch6e41.jpg'
D, [2016-01-08T03:09:38.403437 #42477] DEBUG -- : DRAGONFLY: shell command: 'identify' '-ping' '-format' '%m %w %h' '/var/folders/dr/0yjch_bx0kjdlvx7fhnrzn700000gn/T/dragonfly20160108-42477-ch6e41.jpg'
D, [2016-01-08T03:09:39.284173 #42477] DEBUG -- : DRAGONFLY: shell command: 'identify' '-ping' '-format' '%m %w %h' '/Users/sebastiennicolaidis/ruby/gemgem/test/images/cell.jpg'
D, [2016-01-08T03:09:39.294612 #42477] DEBUG -- : DRAGONFLY: shell command: 'convert' '/Users/sebastiennicolaidis/ruby/gemgem/test/images/cell.jpg' '-resize' '120x120^^' '-gravity' 'Center' '-crop' '120x120+0+0' '+repage' '/var/folders/dr/0yjch_bx0kjdlvx7fhnrzn700000gn/T/dragonfly20160108-42477-2nmpnf.jpg'
D, [2016-01-08T03:09:39.329665 #42477] DEBUG -- : DRAGONFLY: shell command: 'identify' '-ping' '-format' '%m %w %h' '/var/folders/dr/0yjch_bx0kjdlvx7fhnrzn700000gn/T/dragonfly20160108-42477-2nmpnf.jpg'
D, [2016-01-08T03:09:45.251729 #42456] DEBUG -- : DRAGONFLY: shell command: 'identify' '-ping' '-format' '%m %w %h' '/Users/sebastiennicolaidis/ruby/gemgem/test/images/cell.jpg'
D, [2016-01-08T03:09:45.271969 #42456] DEBUG -- : DRAGONFLY: shell command: 'convert' '/Users/sebastiennicolaidis/ruby/gemgem/test/images/cell.jpg' '-resize' '120x120^^' '-gravity' 'Center' '-crop' '120x120+0+0' '+repage' '/var/folders/dr/0yjch_bx0kjdlvx7fhnrzn700000gn/T/dragonfly20160108-42456-7e935f.jpg'
D, [2016-01-08T03:09:45.305736 #42456] DEBUG -- : DRAGONFLY: shell command: 'identify' '-ping' '-format' '%m %w %h' '/var/folders/dr/0yjch_bx0kjdlvx7fhnrzn700000gn/T/dragonfly20160108-42456-7e935f.jpg'
D, [2016-01-08T03:09:47.840896 #42456] DEBUG -- : DRAGONFLY: shell command: 'identify' '-ping' '-format' '%m %w %h' '/Users/sebastiennicolaidis/ruby/gemgem/test/images/cell.jpg'
D, [2016-01-08T03:09:47.864557 #42456] DEBUG -- : DRAGONFLY: shell command: 'convert' '/Users/sebastiennicolaidis/ruby/gemgem/test/images/cell.jpg' '-resize' '120x120^^' '-gravity' 'Center' '-crop' '120x120+0+0' '+repage' '/var/folders/dr/0yjch_bx0kjdlvx7fhnrzn700000gn/T/dragonfly20160108-42456-hshlot.jpg'
D, [2016-01-08T03:09:47.897001 #42456] DEBUG -- : DRAGONFLY: shell command: 'identify' '-ping' '-format' '%m %w %h' '/var/folders/dr/0yjch_bx0kjdlvx7fhnrzn700000gn/T/dragonfly20160108-42456-hshlot.jpg'
D, [2016-01-08T03:14:11.487325 #42561] DEBUG -- : DRAGONFLY: shell command: 'identify' '-ping' '-format' '%m %w %h' '/Users/sebastiennicolaidis/ruby/gemgem/test/images/cell.jpg'
D, [2016-01-08T03:14:11.533153 #42561] DEBUG -- : DRAGONFLY: shell command: 'convert' '/Users/sebastiennicolaidis/ruby/gemgem/test/images/cell.jpg' '-resize' '120x120^^' '-gravity' 'Center' '-crop' '120x120+0+0' '+repage' '/var/folders/dr/0yjch_bx0kjdlvx7fhnrzn700000gn/T/dragonfly20160108-42561-1aw7j7f.jpg'
D, [2016-01-08T03:14:11.583119 #42561] DEBUG -- : DRAGONFLY: shell command: 'identify' '-ping' '-format' '%m %w %h' '/var/folders/dr/0yjch_bx0kjdlvx7fhnrzn700000gn/T/dragonfly20160108-42561-1aw7j7f.jpg'
D, [2016-01-08T03:14:12.243043 #42561] DEBUG -- : DRAGONFLY: shell command: 'identify' '-ping' '-format' '%m %w %h' '/Users/sebastiennicolaidis/ruby/gemgem/test/images/cell.jpg'
D, [2016-01-08T03:14:12.256059 #42561] DEBUG -- : DRAGONFLY: shell command: 'convert' '/Users/sebastiennicolaidis/ruby/gemgem/test/images/cell.jpg' '-resize' '120x120^^' '-gravity' 'Center' '-crop' '120x120+0+0' '+repage' '/var/folders/dr/0yjch_bx0kjdlvx7fhnrzn700000gn/T/dragonfly20160108-42561-1yirnsf.jpg'
D, [2016-01-08T03:14:12.293542 #42561] DEBUG -- : DRAGONFLY: shell command: 'identify' '-ping' '-format' '%m %w %h' '/var/folders/dr/0yjch_bx0kjdlvx7fhnrzn700000gn/T/dragonfly20160108-42561-1yirnsf.jpg'
D, [2016-01-08T03:14:59.767514 #42600] DEBUG -- : DRAGONFLY: shell command: 'identify' '-ping' '-format' '%m %w %h' '/Users/sebastiennicolaidis/ruby/gemgem/test/images/cell.jpg'
D, [2016-01-08T03:14:59.814172 #42600] DEBUG -- : DRAGONFLY: shell command: 'convert' '/Users/sebastiennicolaidis/ruby/gemgem/test/images/cell.jpg' '-resize' '120x120^^' '-gravity' 'Center' '-crop' '120x120+0+0' '+repage' '/var/folders/dr/0yjch_bx0kjdlvx7fhnrzn700000gn/T/dragonfly20160108-42600-zmw0o3.jpg'
D, [2016-01-08T03:14:59.854211 #42600] DEBUG -- : DRAGONFLY: shell command: 'identify' '-ping' '-format' '%m %w %h' '/var/folders/dr/0yjch_bx0kjdlvx7fhnrzn700000gn/T/dragonfly20160108-42600-zmw0o3.jpg'
D, [2016-01-08T03:15:00.187334 #42600] DEBUG -- : DRAGONFLY: shell command: 'identify' '-ping' '-format' '%m %w %h' '/Users/sebastiennicolaidis/ruby/gemgem/test/images/cell.jpg'
D, [2016-01-08T03:15:00.203268 #42600] DEBUG -- : DRAGONFLY: shell command: 'convert' '/Users/sebastiennicolaidis/ruby/gemgem/test/images/cell.jpg' '-resize' '120x120^^' '-gravity' 'Center' '-crop' '120x120+0+0' '+repage' '/var/folders/dr/0yjch_bx0kjdlvx7fhnrzn700000gn/T/dragonfly20160108-42600-1xtzurs.jpg'
D, [2016-01-08T03:15:00.241601 #42600] DEBUG -- : DRAGONFLY: shell command: 'identify' '-ping' '-format' '%m %w %h' '/var/folders/dr/0yjch_bx0kjdlvx7fhnrzn700000gn/T/dragonfly20160108-42600-1xtzurs.jpg'
D, [2016-01-08T03:15:06.987244 #42579] DEBUG -- : DRAGONFLY: shell command: 'identify' '-ping' '-format' '%m %w %h' '/Users/sebastiennicolaidis/ruby/gemgem/test/images/cell.jpg'
D, [2016-01-08T03:15:07.000879 #42579] DEBUG -- : DRAGONFLY: shell command: 'convert' '/Users/sebastiennicolaidis/ruby/gemgem/test/images/cell.jpg' '-resize' '120x120^^' '-gravity' 'Center' '-crop' '120x120+0+0' '+repage' '/var/folders/dr/0yjch_bx0kjdlvx7fhnrzn700000gn/T/dragonfly20160108-42579-jjqpsa.jpg'
D, [2016-01-08T03:15:07.040141 #42579] DEBUG -- : DRAGONFLY: shell command: 'identify' '-ping' '-format' '%m %w %h' '/var/folders/dr/0yjch_bx0kjdlvx7fhnrzn700000gn/T/dragonfly20160108-42579-jjqpsa.jpg'
D, [2016-01-08T03:15:08.207928 #42579] DEBUG -- : DRAGONFLY: shell command: 'identify' '-ping' '-format' '%m %w %h' '/Users/sebastiennicolaidis/ruby/gemgem/test/images/cell.jpg'
D, [2016-01-08T03:15:08.221049 #42579] DEBUG -- : DRAGONFLY: shell command: 'convert' '/Users/sebastiennicolaidis/ruby/gemgem/test/images/cell.jpg' '-resize' '120x120^^' '-gravity' 'Center' '-crop' '120x120+0+0' '+repage' '/var/folders/dr/0yjch_bx0kjdlvx7fhnrzn700000gn/T/dragonfly20160108-42579-sbweqk.jpg'
D, [2016-01-08T03:15:08.252316 #42579] DEBUG -- : DRAGONFLY: shell command: 'identify' '-ping' '-format' '%m %w %h' '/var/folders/dr/0yjch_bx0kjdlvx7fhnrzn700000gn/T/dragonfly20160108-42579-sbweqk.jpg'
D, [2016-01-08T03:15:41.810371 #42649] DEBUG -- : DRAGONFLY: shell command: 'identify' '-ping' '-format' '%m %w %h' '/Users/sebastiennicolaidis/ruby/gemgem/test/images/cell.jpg'
D, [2016-01-08T03:15:41.848152 #42649] DEBUG -- : DRAGONFLY: shell command: 'convert' '/Users/sebastiennicolaidis/ruby/gemgem/test/images/cell.jpg' '-resize' '120x120^^' '-gravity' 'Center' '-crop' '120x120+0+0' '+repage' '/var/folders/dr/0yjch_bx0kjdlvx7fhnrzn700000gn/T/dragonfly20160108-42649-10gpd3.jpg'
D, [2016-01-08T03:15:41.891389 #42649] DEBUG -- : DRAGONFLY: shell command: 'identify' '-ping' '-format' '%m %w %h' '/var/folders/dr/0yjch_bx0kjdlvx7fhnrzn700000gn/T/dragonfly20160108-42649-10gpd3.jpg'
D, [2016-01-08T03:15:42.391848 #42649] DEBUG -- : DRAGONFLY: shell command: 'identify' '-ping' '-format' '%m %w %h' '/Users/sebastiennicolaidis/ruby/gemgem/test/images/cell.jpg'
D, [2016-01-08T03:15:42.402516 #42649] DEBUG -- : DRAGONFLY: shell command: 'convert' '/Users/sebastiennicolaidis/ruby/gemgem/test/images/cell.jpg' '-resize' '120x120^^' '-gravity' 'Center' '-crop' '120x120+0+0' '+repage' '/var/folders/dr/0yjch_bx0kjdlvx7fhnrzn700000gn/T/dragonfly20160108-42649-ux837e.jpg'
D, [2016-01-08T03:15:42.440380 #42649] DEBUG -- : DRAGONFLY: shell command: 'identify' '-ping' '-format' '%m %w %h' '/var/folders/dr/0yjch_bx0kjdlvx7fhnrzn700000gn/T/dragonfly20160108-42649-ux837e.jpg'
D, [2016-01-08T03:15:49.437466 #42627] DEBUG -- : DRAGONFLY: shell command: 'identify' '-ping' '-format' '%m %w %h' '/Users/sebastiennicolaidis/ruby/gemgem/test/images/cell.jpg'
D, [2016-01-08T03:15:49.448821 #42627] DEBUG -- : DRAGONFLY: shell command: 'convert' '/Users/sebastiennicolaidis/ruby/gemgem/test/images/cell.jpg' '-resize' '120x120^^' '-gravity' 'Center' '-crop' '120x120+0+0' '+repage' '/var/folders/dr/0yjch_bx0kjdlvx7fhnrzn700000gn/T/dragonfly20160108-42627-15hi9x3.jpg'
D, [2016-01-08T03:15:49.487166 #42627] DEBUG -- : DRAGONFLY: shell command: 'identify' '-ping' '-format' '%m %w %h' '/var/folders/dr/0yjch_bx0kjdlvx7fhnrzn700000gn/T/dragonfly20160108-42627-15hi9x3.jpg'
D, [2016-01-08T03:15:50.318251 #42627] DEBUG -- : DRAGONFLY: shell command: 'identify' '-ping' '-format' '%m %w %h' '/Users/sebastiennicolaidis/ruby/gemgem/test/images/cell.jpg'
D, [2016-01-08T03:15:50.336611 #42627] DEBUG -- : DRAGONFLY: shell command: 'convert' '/Users/sebastiennicolaidis/ruby/gemgem/test/images/cell.jpg' '-resize' '120x120^^' '-gravity' 'Center' '-crop' '120x120+0+0' '+repage' '/var/folders/dr/0yjch_bx0kjdlvx7fhnrzn700000gn/T/dragonfly20160108-42627-1ukfm2q.jpg'
D, [2016-01-08T03:15:50.370437 #42627] DEBUG -- : DRAGONFLY: shell command: 'identify' '-ping' '-format' '%m %w %h' '/var/folders/dr/0yjch_bx0kjdlvx7fhnrzn700000gn/T/dragonfly20160108-42627-1ukfm2q.jpg'
D, [2016-01-08T03:20:58.911926 #42754] DEBUG -- : DRAGONFLY: shell command: 'identify' '-ping' '-format' '%m %w %h' '/Users/sebastiennicolaidis/ruby/gemgem/test/images/cell.jpg'
D, [2016-01-08T03:20:58.957095 #42754] DEBUG -- : DRAGONFLY: shell command: 'convert' '/Users/sebastiennicolaidis/ruby/gemgem/test/images/cell.jpg' '-resize' '120x120^^' '-gravity' 'Center' '-crop' '120x120+0+0' '+repage' '/var/folders/dr/0yjch_bx0kjdlvx7fhnrzn700000gn/T/dragonfly20160108-42754-eg53o2.jpg'
D, [2016-01-08T03:20:58.996905 #42754] DEBUG -- : DRAGONFLY: shell command: 'identify' '-ping' '-format' '%m %w %h' '/var/folders/dr/0yjch_bx0kjdlvx7fhnrzn700000gn/T/dragonfly20160108-42754-eg53o2.jpg'
D, [2016-01-08T03:20:59.164146 #42754] DEBUG -- : DRAGONFLY: shell command: 'identify' '-ping' '-format' '%m %w %h' '/Users/sebastiennicolaidis/ruby/gemgem/test/images/cell.jpg'
D, [2016-01-08T03:20:59.182036 #42754] DEBUG -- : DRAGONFLY: shell command: 'convert' '/Users/sebastiennicolaidis/ruby/gemgem/test/images/cell.jpg' '-resize' '120x120^^' '-gravity' 'Center' '-crop' '120x120+0+0' '+repage' '/var/folders/dr/0yjch_bx0kjdlvx7fhnrzn700000gn/T/dragonfly20160108-42754-k4fpq2.jpg'
D, [2016-01-08T03:20:59.213703 #42754] DEBUG -- : DRAGONFLY: shell command: 'identify' '-ping' '-format' '%m %w %h' '/var/folders/dr/0yjch_bx0kjdlvx7fhnrzn700000gn/T/dragonfly20160108-42754-k4fpq2.jpg'
D, [2016-01-08T03:21:06.057466 #42733] DEBUG -- : DRAGONFLY: shell command: 'identify' '-ping' '-format' '%m %w %h' '/Users/sebastiennicolaidis/ruby/gemgem/test/images/cell.jpg'
D, [2016-01-08T03:21:06.074420 #42733] DEBUG -- : DRAGONFLY: shell command: 'convert' '/Users/sebastiennicolaidis/ruby/gemgem/test/images/cell.jpg' '-resize' '120x120^^' '-gravity' 'Center' '-crop' '120x120+0+0' '+repage' '/var/folders/dr/0yjch_bx0kjdlvx7fhnrzn700000gn/T/dragonfly20160108-42733-d54zl6.jpg'
D, [2016-01-08T03:21:06.105541 #42733] DEBUG -- : DRAGONFLY: shell command: 'identify' '-ping' '-format' '%m %w %h' '/var/folders/dr/0yjch_bx0kjdlvx7fhnrzn700000gn/T/dragonfly20160108-42733-d54zl6.jpg'
D, [2016-01-08T03:21:06.348756 #42733] DEBUG -- : DRAGONFLY: shell command: 'identify' '-ping' '-format' '%m %w %h' '/Users/sebastiennicolaidis/ruby/gemgem/test/images/cell.jpg'
D, [2016-01-08T03:21:06.361206 #42733] DEBUG -- : DRAGONFLY: shell command: 'convert' '/Users/sebastiennicolaidis/ruby/gemgem/test/images/cell.jpg' '-resize' '120x120^^' '-gravity' 'Center' '-crop' '120x120+0+0' '+repage' '/var/folders/dr/0yjch_bx0kjdlvx7fhnrzn700000gn/T/dragonfly20160108-42733-4fqiix.jpg'
D, [2016-01-08T03:21:06.395914 #42733] DEBUG -- : DRAGONFLY: shell command: 'identify' '-ping' '-format' '%m %w %h' '/var/folders/dr/0yjch_bx0kjdlvx7fhnrzn700000gn/T/dragonfly20160108-42733-4fqiix.jpg'
D, [2016-01-09T18:11:39.380312 #56306] DEBUG -- : DRAGONFLY: shell command: 'identify' '-ping' '-format' '%m %w %h' '/Users/sebastiennicolaidis/ruby/gemgem/test/images/cell.jpg'
D, [2016-01-09T18:11:39.431466 #56306] DEBUG -- : DRAGONFLY: shell command: 'convert' '/Users/sebastiennicolaidis/ruby/gemgem/test/images/cell.jpg' '-resize' '120x120^^' '-gravity' 'Center' '-crop' '120x120+0+0' '+repage' '/var/folders/dr/0yjch_bx0kjdlvx7fhnrzn700000gn/T/dragonfly20160109-56306-1y3qzs1.jpg'
D, [2016-01-09T18:11:39.470020 #56306] DEBUG -- : DRAGONFLY: shell command: 'identify' '-ping' '-format' '%m %w %h' '/var/folders/dr/0yjch_bx0kjdlvx7fhnrzn700000gn/T/dragonfly20160109-56306-1y3qzs1.jpg'
D, [2016-01-09T18:11:40.783952 #56306] DEBUG -- : DRAGONFLY: shell command: 'identify' '-ping' '-format' '%m %w %h' '/Users/sebastiennicolaidis/ruby/gemgem/test/images/cell.jpg'
D, [2016-01-09T18:11:40.795335 #56306] DEBUG -- : DRAGONFLY: shell command: 'convert' '/Users/sebastiennicolaidis/ruby/gemgem/test/images/cell.jpg' '-resize' '120x120^^' '-gravity' 'Center' '-crop' '120x120+0+0' '+repage' '/var/folders/dr/0yjch_bx0kjdlvx7fhnrzn700000gn/T/dragonfly20160109-56306-18tcm0y.jpg'
D, [2016-01-09T18:11:40.829244 #56306] DEBUG -- : DRAGONFLY: shell command: 'identify' '-ping' '-format' '%m %w %h' '/var/folders/dr/0yjch_bx0kjdlvx7fhnrzn700000gn/T/dragonfly20160109-56306-18tcm0y.jpg'
D, [2016-01-09T18:11:42.810319 #56285] DEBUG -- : DRAGONFLY: shell command: 'identify' '-ping' '-format' '%m %w %h' '/Users/sebastiennicolaidis/ruby/gemgem/test/images/cell.jpg'
D, [2016-01-09T18:11:42.828648 #56285] DEBUG -- : DRAGONFLY: shell command: 'convert' '/Users/sebastiennicolaidis/ruby/gemgem/test/images/cell.jpg' '-resize' '120x120^^' '-gravity' 'Center' '-crop' '120x120+0+0' '+repage' '/var/folders/dr/0yjch_bx0kjdlvx7fhnrzn700000gn/T/dragonfly20160109-56285-33eges.jpg'
D, [2016-01-09T18:11:42.868012 #56285] DEBUG -- : DRAGONFLY: shell command: 'identify' '-ping' '-format' '%m %w %h' '/var/folders/dr/0yjch_bx0kjdlvx7fhnrzn700000gn/T/dragonfly20160109-56285-33eges.jpg'
D, [2016-01-09T18:11:48.917931 #56285] DEBUG -- : DRAGONFLY: shell command: 'identify' '-ping' '-format' '%m %w %h' '/Users/sebastiennicolaidis/ruby/gemgem/test/images/cell.jpg'
D, [2016-01-09T18:11:48.930316 #56285] DEBUG -- : DRAGONFLY: shell command: 'convert' '/Users/sebastiennicolaidis/ruby/gemgem/test/images/cell.jpg' '-resize' '120x120^^' '-gravity' 'Center' '-crop' '120x120+0+0' '+repage' '/var/folders/dr/0yjch_bx0kjdlvx7fhnrzn700000gn/T/dragonfly20160109-56285-xu8k4u.jpg'
D, [2016-01-09T18:11:48.964145 #56285] DEBUG -- : DRAGONFLY: shell command: 'identify' '-ping' '-format' '%m %w %h' '/var/folders/dr/0yjch_bx0kjdlvx7fhnrzn700000gn/T/dragonfly20160109-56285-xu8k4u.jpg'
